2025-05-26 12:53:42 0 [Note] Starting MariaDB 10.4.32-MariaDB source revision c4143f909528e3fab0677a28631d10389354c491 as process 8032
2025-05-26 12:53:42 0 [ERROR] mysqld.exe: File 'C:\xampp\mysql\data\aria_log.00000001' not found (Errcode: 2 "No such file or directory")
2025-05-26 12:53:42 0 [Note] InnoDB: The first innodb_system data file 'ibdata1' did not exist. A new tablespace will be created!
2025-05-26 12:53:42 0 [Note] InnoDB: Mutexes and rw_locks use Windows interlocked functions
2025-05-26 12:53:42 0 [Note] InnoDB: Uses event mutexes
2025-05-26 12:53:42 0 [Note] InnoDB: Compressed tables use zlib 1.3
2025-05-26 12:53:42 0 [Note] InnoDB: Number of pools: 1
2025-05-26 12:53:42 0 [Note] InnoDB: Using SSE2 crc32 instructions
2025-05-26 12:53:42 0 [Note] InnoDB: Initializing buffer pool, total size = 16M, instances = 1, chunk size = 16M
2025-05-26 12:53:42 0 [Note] InnoDB: Completed initialization of buffer pool
2025-05-26 12:53:42 0 [Note] InnoDB: Setting file 'C:\xampp\mysql\data\ibdata1' size to 10 MB. Physically writing the file full; Please wait ...
2025-05-26 12:53:42 0 [Note] InnoDB: File 'C:\xampp\mysql\data\ibdata1' size is now 10 MB.
2025-05-26 12:53:42 0 [Note] InnoDB: Setting log file C:\xampp\mysql\data\ib_logfile101 size to 5242880 bytes
2025-05-26 12:53:42 0 [Note] InnoDB: Setting log file C:\xampp\mysql\data\ib_logfile1 size to 5242880 bytes
2025-05-26 12:53:42 0 [Note] InnoDB: Renaming log file C:\xampp\mysql\data\ib_logfile101 to C:\xampp\mysql\data\ib_logfile0
2025-05-26 12:53:42 0 [Note] InnoDB: New log files created, LSN=11451
2025-05-26 12:53:42 0 [Note] InnoDB: Doublewrite buffer not found: creating new
2025-05-26 12:53:42 0 [Note] InnoDB: Doublewrite buffer created
2025-05-26 12:53:42 0 [Note] InnoDB: 128 out of 128 rollback segments are active.
2025-05-26 12:53:42 0 [Note] InnoDB: Creating foreign key constraint system tables.
2025-05-26 12:53:42 0 [Note] InnoDB: Creating tablespace and datafile system tables.
2025-05-26 12:53:42 0 [Note] InnoDB: Creating sys_virtual system tables.
2025-05-26 12:53:42 0 [Note] InnoDB: Creating shared tablespace for temporary tables
2025-05-26 12:53:42 0 [Note] InnoDB: Setting file 'C:\xampp\mysql\data\ibtmp1' size to 12 MB. Physically writing the file full; Please wait ...
2025-05-26 12:53:42 0 [Note] InnoDB: File 'C:\xampp\mysql\data\ibtmp1' size is now 12 MB.
2025-05-26 12:53:42 0 [Note] InnoDB: Waiting for purge to start
2025-05-26 12:53:42 0 [Note] InnoDB: 10.4.32 started; log sequence number 0; transaction id 7
2025-05-26 12:53:42 0 [Note] Plugin 'FEEDBACK' is disabled.
2025-05-26 12:53:42 0 [ERROR] Can't open and lock privilege tables: Can't find file: '.\mysql\servers.MAI' (errno: 2 "No such file or directory")
2025-05-26 12:53:42 0 [Note] Server socket created on IP: '::'.
2025-05-26 12:53:45 0 [Note] Starting MariaDB 10.4.32-MariaDB source revision c4143f909528e3fab0677a28631d10389354c491 as process 7032
2025-05-26 12:53:45 0 [Note] InnoDB: Mutexes and rw_locks use Windows interlocked functions
2025-05-26 12:53:45 0 [Note] InnoDB: Uses event mutexes
2025-05-26 12:53:45 0 [Note] InnoDB: Compressed tables use zlib 1.3
2025-05-26 12:53:45 0 [Note] InnoDB: Number of pools: 1
2025-05-26 12:53:45 0 [Note] InnoDB: Using SSE2 crc32 instructions
2025-05-26 12:53:45 0 [Note] InnoDB: Initializing buffer pool, total size = 16M, instances = 1, chunk size = 16M
2025-05-26 12:53:45 0 [Note] InnoDB: Completed initialization of buffer pool
2025-05-26 12:53:45 0 [Note] InnoDB: 128 out of 128 rollback segments are active.
2025-05-26 12:53:45 0 [Note] InnoDB: Creating shared tablespace for temporary tables
2025-05-26 12:53:45 0 [Note] InnoDB: Setting file 'C:\xampp\mysql\data\ibtmp1' size to 12 MB. Physically writing the file full; Please wait ...
2025-05-26 12:53:45 0 [Note] InnoDB: File 'C:\xampp\mysql\data\ibtmp1' size is now 12 MB.
2025-05-26 12:53:45 0 [Note] InnoDB: Waiting for purge to start
2025-05-26 12:53:45 0 [Note] InnoDB: 10.4.32 started; log sequence number 47047; transaction id 8
2025-05-26 12:53:45 0 [Note] InnoDB: Loading buffer pool(s) from C:\xampp\mysql\data\ib_buffer_pool
2025-05-26 12:53:45 0 [Note] Plugin 'FEEDBACK' is disabled.
2025-05-26 12:53:45 0 [Note] InnoDB: Buffer pool(s) load completed at 250526 12:53:45
2025-05-26 12:53:45 0 [ERROR] Can't open and lock privilege tables: Can't find file: '.\mysql\servers.MAI' (errno: 2 "No such file or directory")
2025-05-26 12:53:45 0 [Note] Server socket created on IP: '::'.
2025-05-26 12:53:48 0 [Note] Starting MariaDB 10.4.32-MariaDB source revision c4143f909528e3fab0677a28631d10389354c491 as process 9340
2025-05-26 12:53:48 0 [Note] InnoDB: Mutexes and rw_locks use Windows interlocked functions
2025-05-26 12:53:48 0 [Note] InnoDB: Uses event mutexes
2025-05-26 12:53:48 0 [Note] InnoDB: Compressed tables use zlib 1.3
2025-05-26 12:53:48 0 [Note] InnoDB: Number of pools: 1
2025-05-26 12:53:48 0 [Note] InnoDB: Using SSE2 crc32 instructions
2025-05-26 12:53:48 0 [Note] InnoDB: Initializing buffer pool, total size = 16M, instances = 1, chunk size = 16M
2025-05-26 12:53:48 0 [Note] InnoDB: Completed initialization of buffer pool
2025-05-26 12:53:48 0 [Note] InnoDB: 128 out of 128 rollback segments are active.
2025-05-26 12:53:48 0 [Note] InnoDB: Creating shared tablespace for temporary tables
2025-05-26 12:53:48 0 [Note] InnoDB: Setting file 'C:\xampp\mysql\data\ibtmp1' size to 12 MB. Physically writing the file full; Please wait ...
2025-05-26 12:53:48 0 [Note] InnoDB: File 'C:\xampp\mysql\data\ibtmp1' size is now 12 MB.
2025-05-26 12:53:48 0 [Note] InnoDB: Waiting for purge to start
2025-05-26 12:53:48 0 [Note] InnoDB: 10.4.32 started; log sequence number 47056; transaction id 8
2025-05-26 12:53:48 0 [Note] InnoDB: Loading buffer pool(s) from C:\xampp\mysql\data\ib_buffer_pool
2025-05-26 12:53:48 0 [Note] Plugin 'FEEDBACK' is disabled.
2025-05-26 12:53:48 0 [Note] InnoDB: Buffer pool(s) load completed at 250526 12:53:48
2025-05-26 12:53:48 0 [ERROR] Can't open and lock privilege tables: Can't find file: '.\mysql\servers.MAI' (errno: 2 "No such file or directory")
2025-05-26 12:53:48 0 [Note] Server socket created on IP: '::'.
2025-05-26 12:54:27 0 [Note] Starting MariaDB 10.4.32-MariaDB source revision c4143f909528e3fab0677a28631d10389354c491 as process 9468
2025-05-26 12:54:27 0 [Note] InnoDB: Mutexes and rw_locks use Windows interlocked functions
2025-05-26 12:54:27 0 [Note] InnoDB: Uses event mutexes
2025-05-26 12:54:27 0 [Note] InnoDB: Compressed tables use zlib 1.3
2025-05-26 12:54:27 0 [Note] InnoDB: Number of pools: 1
2025-05-26 12:54:27 0 [Note] InnoDB: Using SSE2 crc32 instructions
2025-05-26 12:54:27 0 [Note] InnoDB: Initializing buffer pool, total size = 16M, instances = 1, chunk size = 16M
2025-05-26 12:54:27 0 [Note] InnoDB: Completed initialization of buffer pool
2025-05-26 12:54:27 0 [Note] InnoDB: 128 out of 128 rollback segments are active.
2025-05-26 12:54:27 0 [Note] InnoDB: Creating shared tablespace for temporary tables
2025-05-26 12:54:27 0 [Note] InnoDB: Setting file 'C:\xampp\mysql\data\ibtmp1' size to 12 MB. Physically writing the file full; Please wait ...
2025-05-26 12:54:27 0 [Note] InnoDB: File 'C:\xampp\mysql\data\ibtmp1' size is now 12 MB.
2025-05-26 12:54:27 0 [Note] InnoDB: Waiting for purge to start
2025-05-26 12:54:27 0 [Note] InnoDB: 10.4.32 started; log sequence number 47065; transaction id 8
2025-05-26 12:54:27 0 [Note] InnoDB: Loading buffer pool(s) from C:\xampp\mysql\data\ib_buffer_pool
2025-05-26 12:54:27 0 [Note] Plugin 'FEEDBACK' is disabled.
2025-05-26 12:54:27 0 [Note] InnoDB: Buffer pool(s) load completed at 250526 12:54:27
2025-05-26 12:54:27 0 [ERROR] Can't open and lock privilege tables: Can't find file: '.\mysql\servers.MAI' (errno: 2 "No such file or directory")
2025-05-26 12:54:27 0 [Note] Server socket created on IP: '::'.
